Using pre-set license
Built from '6000.0/release' branch; Version is '6000.0.25f1 (4859ab7b5a49) revision 4741547'; Using compiler version '193933523'; Build Type 'Release'
OS: 'Windows 11  (10.0.22631) 64bit Professional' Language: 'en' Physical Memory: 16297 MB
BatchMode: 1, IsHumanControllingUs: 0, StartBugReporterOnCrash: 0, Is64bit: 1, IsPro: 1

COMMAND LINE ARGUMENTS:
C:\Program Files\Unity\Hub\Editor\6000.0.25f1\Editor\Unity.exe
-adb2
-batchMode
-noUpm
-name
AssetImportWorker1
-projectPath
D:/DLMMTC
-logFile
Logs/AssetImportWorker1.log
-srvPort
56865
-job-worker-count
5
-background-job-worker-count
8
-asset-garbage-collectors
1
Successfully changed project path to: D:/DLMMTC
D:/DLMMTC
[UnityMemory] Configuration Parameters - Can be set up in boot.config
    "memorysetup-bucket-allocator-granularity=16"
    "memorysetup-bucket-allocator-bucket-count=8"
    "memorysetup-bucket-allocator-block-size=33554432"
    "memorysetup-bucket-allocator-block-count=8"
    "memorysetup-main-allocator-block-size=16777216"
    "memorysetup-thread-allocator-block-size=16777216"
    "memorysetup-gfx-main-allocator-block-size=16777216"
    "memorysetup-gfx-thread-allocator-block-size=16777216"
    "memorysetup-cache-allocator-block-size=4194304"
    "memorysetup-typetree-allocator-block-size=2097152"
    "memorysetup-profiler-bucket-allocator-granularity=16"
    "memorysetup-profiler-bucket-allocator-bucket-count=8"
    "memorysetup-profiler-bucket-allocator-block-size=33554432"
    "memorysetup-profiler-bucket-allocator-block-count=8"
    "memorysetup-profiler-allocator-block-size=16777216"
    "memorysetup-profiler-editor-allocator-block-size=1048576"
    "memorysetup-temp-allocator-size-main=16777216"
    "memorysetup-job-temp-allocator-block-size=2097152"
    "memorysetup-job-temp-allocator-block-size-background=1048576"
    "memorysetup-job-temp-allocator-reduction-small-platforms=262144"
    "memorysetup-allocator-temp-initial-block-size-main=262144"
    "memorysetup-allocator-temp-initial-block-size-worker=262144"
    "memorysetup-temp-allocator-size-background-worker=32768"
    "memorysetup-temp-allocator-size-job-worker=262144"
    "memorysetup-temp-allocator-size-preload-manager=33554432"
    "memorysetup-temp-allocator-size-nav-mesh-worker=65536"
    "memorysetup-temp-allocator-size-audio-worker=65536"
    "memorysetup-temp-allocator-size-cloud-worker=32768"
    "memorysetup-temp-allocator-size-gi-baking-worker=262144"
    "memorysetup-temp-allocator-size-gi-baking-worker=262144"
    "memorysetup-temp-allocator-size-gi-baking-worker=262144"
    "memorysetup-temp-allocator-size-gi-baking-worker=262144"
    "memorysetup-temp-allocator-size-gi-baking-worker=262144"
    "memorysetup-temp-allocator-size-gfx=262144"
Player connection [15944]  Target information:

Player connection [15944]  * "[IP] 10.121.135.204 [Port] 0 [Flags] 2 [Guid] 3495665485 [EditorId] 3495665485 [Version] 1048832 [Id] WindowsEditor(7,OHHS-ESPORT-1) [Debug] 1 [PackageName] WindowsEditor [ProjectName] Editor" 

Player connection [15944] Host joined multi-casting on [225.0.0.222:54997]...
Player connection [15944] Host joined alternative multi-casting on [225.0.0.222:34997]...
JobSystem: Creating JobQueue using job-worker-count value 5
[Physics::Module] Initialized fallback backend.
[Physics::Module] Id: 0xdecafbad
Library Redirect Path: Library/
[Physics::Module] Selected backend.
[Physics::Module] Name: PhysX
[Physics::Module] Id: 0xf2b8ea05
[Physics::Module] SDK Version: 4.1.2
[Physics::Module] Integration Version: 1.0.0
[Physics::Module] Threading Mode: Multi-Threaded
Refreshing native plugins compatible for Editor in 0.00 ms, found 0 plugins.
Preloading 0 native plugins for Editor in 0.00 ms.
Initialize engine version: 6000.0.25f1 (4859ab7b5a49)
[Subsystems] Discovering subsystems at path C:/Program Files/Unity/Hub/Editor/6000.0.25f1/Editor/Data/Resources/UnitySubsystems
[Subsystems] Discovering subsystems at path D:/DLMMTC/Assets
GfxDevice: creating device client; kGfxThreadingModeNonThreaded
Direct3D:
    Version:  Direct3D 11.0 [level 11.1]
    Renderer: NVIDIA GeForce RTX 2060 (ID=0x1e89)
    Vendor:   NVIDIA
    VRAM:     5945 MB
    Driver:   32.0.15.6094
Initialize mono
Mono path[0] = 'C:/Program Files/Unity/Hub/Editor/6000.0.25f1/Editor/Data/Managed'
Mono path[1] = 'C:/Program Files/Unity/Hub/Editor/6000.0.25f1/Editor/Data/MonoBleedingEdge/lib/mono/unityjit-win32'
Mono config path = 'C:/Program Files/Unity/Hub/Editor/6000.0.25f1/Editor/Data/MonoBleedingEdge/etc'
Using monoOptions --debugger-agent=transport=dt_socket,embedding=1,server=y,suspend=n,address=127.0.0.1:56776
Begin MonoManager ReloadAssembly
Registering precompiled unity dll's ...
Register platform support module: C:/Program Files/Unity/Hub/Editor/6000.0.25f1/Editor/Data/PlaybackEngines/WebGLSupport/UnityEditor.WebGL.Extensions.dll
Register platform support module: C:/Program Files/Unity/Hub/Editor/6000.0.25f1/Editor/Data/PlaybackEngines/WindowsStandaloneSupport/UnityEditor.WindowsStandalone.Extensions.dll
Registered in 0.441972 seconds.
- Loaded All Assemblies, in  9.349 seconds
Native extension for WindowsStandalone target not found
Native extension for WebGL target not found
Mono: successfully reloaded assembly
- Finished resetting the current domain, in  0.463 seconds
Domain Reload Profiling: 9809ms
	BeginReloadAssembly (7134ms)
		ExecutionOrderSort (0ms)
		DisableScriptedObjects (0ms)
		BackupInstance (0ms)
		ReleaseScriptingObjects (0ms)
		CreateAndSetChildDomain (1ms)
	RebuildCommonClasses (543ms)
	RebuildNativeTypeToScriptingClass (18ms)
	initialDomainReloadingComplete (496ms)
	LoadAllAssembliesAndSetupDomain (1154ms)
		LoadAssemblies (7131ms)
		RebuildTransferFunctionScriptingTraits (0ms)
		AnalyzeDomain (1152ms)
			TypeCache.Refresh (1150ms)
				TypeCache.ScanAssembly (898ms)
			BuildScriptInfoCaches (0ms)
			ResolveRequiredComponents (0ms)
	FinalizeReload (463ms)
		ReleaseScriptCaches (0ms)
		RebuildScriptCaches (0ms)
		SetupLoadedEditorAssemblies (431ms)
			LogAssemblyErrors (0ms)
			InitializePlatformSupportModulesInManaged (24ms)
			SetLoadedEditorAssemblies (4ms)
			BeforeProcessingInitializeOnLoad (6ms)
			ProcessInitializeOnLoadAttributes (282ms)
			ProcessInitializeOnLoadMethodAttributes (111ms)
			AfterProcessingInitializeOnLoad (3ms)
			EditorAssembliesLoaded (0ms)
		ExecutionOrderSort2 (0ms)
		AwakeInstancesAfterBackupRestoration (0ms)
========================================================================
Worker process is ready to serve import requests
Import Worker Mode flag is 0x00
Begin MonoManager ReloadAssembly
- Loaded All Assemblies, in  1.350 seconds
Refreshing native plugins compatible for Editor in 0.00 ms, found 0 plugins.
Native extension for WindowsStandalone target not found
Native extension for WebGL target not found
Mono: successfully reloaded assembly
- Finished resetting the current domain, in  0.590 seconds
Domain Reload Profiling: 1937ms
	BeginReloadAssembly (1042ms)
		ExecutionOrderSort (0ms)
		DisableScriptedObjects (7ms)
		BackupInstance (0ms)
		ReleaseScriptingObjects (0ms)
		CreateAndSetChildDomain (31ms)
	RebuildCommonClasses (38ms)
	RebuildNativeTypeToScriptingClass (14ms)
	initialDomainReloadingComplete (24ms)
	LoadAllAssembliesAndSetupDomain (228ms)
		LoadAssemblies (330ms)
		RebuildTransferFunctionScriptingTraits (0ms)
		AnalyzeDomain (10ms)
			TypeCache.Refresh (7ms)
				TypeCache.ScanAssembly (2ms)
			BuildScriptInfoCaches (1ms)
			ResolveRequiredComponents (0ms)
	FinalizeReload (591ms)
		ReleaseScriptCaches (0ms)
		RebuildScriptCaches (0ms)
		SetupLoadedEditorAssemblies (347ms)
			LogAssemblyErrors (0ms)
			InitializePlatformSupportModulesInManaged (4ms)
			SetLoadedEditorAssemblies (6ms)
			BeforeProcessingInitializeOnLoad (27ms)
			ProcessInitializeOnLoadAttributes (221ms)
			ProcessInitializeOnLoadMethodAttributes (41ms)
			AfterProcessingInitializeOnLoad (48ms)
			EditorAssembliesLoaded (0ms)
		ExecutionOrderSort2 (0ms)
		AwakeInstancesAfterBackupRestoration (10ms)
Launched and connected shader compiler UnityShaderCompiler.exe after 0.04 seconds
Refreshing native plugins compatible for Editor in 0.00 ms, found 0 plugins.
Preloading 0 native plugins for Editor in 0.00 ms.
Unloading 13 Unused Serialized files (Serialized files now loaded: 0)
Unloading 69 unused Assets / (0.8 MB). Loaded Objects now: 673.
Memory consumption went from 84.5 MB to 83.7 MB.
Total: 4.551700 ms (FindLiveObjects: 0.052600 ms CreateObjectMapping: 0.007800 ms MarkObjects: 4.216900 ms  DeleteObjects: 0.271900 ms)

========================================================================
Received Import Request.
  Time since last request: 346373.842269 seconds.
  path: Assets/Buildings-weapons/Low Poly Modular Swords/Prefabs/BladeFullerRound.prefab
  artifactKey: Guid(587c1fa6f71f25a4ea255318207045f9) Importer(815301076,1909f56bfc062723c751e8b465ee728b)
Start importing Assets/Buildings-weapons/Low Poly Modular Swords/Prefabs/BladeFullerRound.prefab using Guid(587c1fa6f71f25a4ea255318207045f9) Importer(815301076,1909f56bfc062723c751e8b465ee728b) (PreviewImporter) -> (artifact id: '2f1787e123eb5b6fde8424c437b34c0c') in 0.2689043 seconds
Number of updated asset objects reloaded before import = 0Number of asset objects unloaded after import = 8

========================================================================
Received Import Request.
  Time since last request: 0.000024 seconds.
  path: Assets/Fantasy knight/Prefab/Separated_mesh/Boots.prefab
  artifactKey: Guid(db130e61ba8610b40b668f4dc2699fca) Importer(815301076,1909f56bfc062723c751e8b465ee728b)
Start importing Assets/Fantasy knight/Prefab/Separated_mesh/Boots.prefab using Guid(db130e61ba8610b40b668f4dc2699fca) Importer(815301076,1909f56bfc062723c751e8b465ee728b) (PreviewImporter) -> (artifact id: '919bf3c3dc604d915150ea2afd817610') in 0.4053456 seconds
Number of updated asset objects reloaded before import = 0Number of asset objects unloaded after import = 137

========================================================================
Received Import Request.
  Time since last request: 0.000037 seconds.
  path: Assets/Buildings-weapons/Low Poly Modular Swords/Prefabs/HandleLongCrossguardFlatPommel.prefab
  artifactKey: Guid(91c6ff569cc3acd4283dadb133e8ab74) Importer(815301076,1909f56bfc062723c751e8b465ee728b)
Start importing Assets/Buildings-weapons/Low Poly Modular Swords/Prefabs/HandleLongCrossguardFlatPommel.prefab using Guid(91c6ff569cc3acd4283dadb133e8ab74) Importer(815301076,1909f56bfc062723c751e8b465ee728b) (PreviewImporter) -> (artifact id: '984b3ca939c6e8843d41d9770de7aacd') in 0.0838753 seconds
Number of updated asset objects reloaded before import = 0Number of asset objects unloaded after import = 8

========================================================================
Received Import Request.
  Time since last request: 0.000020 seconds.
  path: Assets/Fantasy knight/Prefab/Skin_1_3.prefab
  artifactKey: Guid(e08c48e04adf93f4298853b30582cf63) Importer(815301076,1909f56bfc062723c751e8b465ee728b)
Start importing Assets/Fantasy knight/Prefab/Skin_1_3.prefab using Guid(e08c48e04adf93f4298853b30582cf63) Importer(815301076,1909f56bfc062723c751e8b465ee728b) (PreviewImporter) -> (artifact id: '29c2bb86454dfac02f1887bdd98df0a4') in 0.7916368 seconds
Number of updated asset objects reloaded before import = 0Number of asset objects unloaded after import = 174

========================================================================
Received Import Request.
  Time since last request: 0.000025 seconds.
  path: Assets/Buildings-weapons/Low Poly Modular Swords/Prefabs/HandleQuillion.prefab
  artifactKey: Guid(b1c5487b9a5e0f249abfe9922e3cb276) Importer(815301076,1909f56bfc062723c751e8b465ee728b)
Start importing Assets/Buildings-weapons/Low Poly Modular Swords/Prefabs/HandleQuillion.prefab using Guid(b1c5487b9a5e0f249abfe9922e3cb276) Importer(815301076,1909f56bfc062723c751e8b465ee728b) (PreviewImporter) -> (artifact id: '44546425bfc1779a931e2e78a73c4ccc') in 0.0572237 seconds
Number of updated asset objects reloaded before import = 0Number of asset objects unloaded after import = 8

========================================================================
Received Import Request.
  Time since last request: 0.000022 seconds.
  path: Assets/Fantasy knight/Prefab/Separated_mesh/Body_01.prefab
  artifactKey: Guid(d3dc725b6d47d7248ae345beaa472ba5) Importer(815301076,1909f56bfc062723c751e8b465ee728b)
Start importing Assets/Fantasy knight/Prefab/Separated_mesh/Body_01.prefab using Guid(d3dc725b6d47d7248ae345beaa472ba5) Importer(815301076,1909f56bfc062723c751e8b465ee728b) (PreviewImporter) -> (artifact id: '9db380ae277989ea07e57f4a9fca7c8a') in 0.054967 seconds
Number of updated asset objects reloaded before import = 0Number of asset objects unloaded after import = 137

========================================================================
Received Import Request.
  Time since last request: 0.000019 seconds.
  path: Assets/King/King.fbx
  artifactKey: Guid(005196493d4a41e4a9787869ad5a4e1e) Importer(815301076,1909f56bfc062723c751e8b465ee728b)
Start importing Assets/King/King.fbx using Guid(005196493d4a41e4a9787869ad5a4e1e) Importer(815301076,1909f56bfc062723c751e8b465ee728b) (PreviewImporter) -> (artifact id: 'a7320b9855ffe11273c13e2c6fc0443b') in 0.3116785 seconds
Number of updated asset objects reloaded before import = 0Number of asset objects unloaded after import = 213

========================================================================
Received Import Request.
  Time since last request: 0.000026 seconds.
  path: Assets/Buildings-weapons/Low Poly Modular Swords/Prefabs/HandleCrossguard.prefab
  artifactKey: Guid(cbcb0bb3681e6d64ca8da2bfec05fb17) Importer(815301076,1909f56bfc062723c751e8b465ee728b)
Start importing Assets/Buildings-weapons/Low Poly Modular Swords/Prefabs/HandleCrossguard.prefab using Guid(cbcb0bb3681e6d64ca8da2bfec05fb17) Importer(815301076,1909f56bfc062723c751e8b465ee728b) (PreviewImporter) -> (artifact id: '7994ecaeeded3f66a8976a59fa8c832f') in 0.0682642 seconds
Number of updated asset objects reloaded before import = 0Number of asset objects unloaded after import = 8

========================================================================
Received Import Request.
  Time since last request: 0.000028 seconds.
  path: Assets/WorldMaterialsFree/HDRPMaterials/BrushedIron_HDRPShader.mat
  artifactKey: Guid(4c98c5ad59bf55649be5e3d1990a2bd8) Importer(815301076,1909f56bfc062723c751e8b465ee728b)
Start importing Assets/WorldMaterialsFree/HDRPMaterials/BrushedIron_HDRPShader.mat using Guid(4c98c5ad59bf55649be5e3d1990a2bd8) Importer(815301076,1909f56bfc062723c751e8b465ee728b) (PreviewImporter) -> (artifact id: '793f75738d379c4a533ca373463ca854') in 0.080368 seconds
Number of updated asset objects reloaded before import = 0Number of asset objects unloaded after import = 8

========================================================================
Received Import Request.
  Time since last request: 0.000013 seconds.
  path: Assets/WorldMaterialsFree/URPMaterials/CoarseConcrete_URPShader.mat
  artifactKey: Guid(a159f432676796c4cba4fdd02834e8df) Importer(815301076,1909f56bfc062723c751e8b465ee728b)
Start importing Assets/WorldMaterialsFree/URPMaterials/CoarseConcrete_URPShader.mat using Guid(a159f432676796c4cba4fdd02834e8df) Importer(815301076,1909f56bfc062723c751e8b465ee728b) (PreviewImporter) -> (artifact id: '5374076424a31f4d0f344110d5066565') in 0.0674507 seconds
Number of updated asset objects reloaded before import = 0Number of asset objects unloaded after import = 7

========================================================================
Received Import Request.
  Time since last request: 0.000018 seconds.
  path: Assets/Buildings-weapons/Low Poly Modular Swords/Prefabs/BladeSimple.prefab
  artifactKey: Guid(b6e6b864525f9994e8572079ba7c2205) Importer(815301076,1909f56bfc062723c751e8b465ee728b)
Start importing Assets/Buildings-weapons/Low Poly Modular Swords/Prefabs/BladeSimple.prefab using Guid(b6e6b864525f9994e8572079ba7c2205) Importer(815301076,1909f56bfc062723c751e8b465ee728b) (PreviewImporter) -> (artifact id: 'ef75b4cee8ea0bb628f9b9bf8c9e0a32') in 0.0877454 seconds
Number of updated asset objects reloaded before import = 0Number of asset objects unloaded after import = 8

========================================================================
Received Import Request.
  Time since last request: 0.000022 seconds.
  path: Assets/Fantasy knight/Prefab/Separated_mesh/Tunic.prefab
  artifactKey: Guid(cd901770c162f224fa0c7257fd69fa4d) Importer(815301076,1909f56bfc062723c751e8b465ee728b)
Start importing Assets/Fantasy knight/Prefab/Separated_mesh/Tunic.prefab using Guid(cd901770c162f224fa0c7257fd69fa4d) Importer(815301076,1909f56bfc062723c751e8b465ee728b) (PreviewImporter) -> (artifact id: 'f08006c88e782a042fbfaa442d764bd8') in 0.1460762 seconds
Number of updated asset objects reloaded before import = 0Number of asset objects unloaded after import = 137

========================================================================
Received Import Request.
  Time since last request: 0.000021 seconds.
  path: Assets/Fantasy knight/Prefab/Skin_1_4.prefab
  artifactKey: Guid(d795ecf62053eb745964b087aeb03184) Importer(815301076,1909f56bfc062723c751e8b465ee728b)
Start importing Assets/Fantasy knight/Prefab/Skin_1_4.prefab using Guid(d795ecf62053eb745964b087aeb03184) Importer(815301076,1909f56bfc062723c751e8b465ee728b) (PreviewImporter) -> (artifact id: '543c53ba6354684ada29a016ae211c5d') in 0.1035824 seconds
Number of updated asset objects reloaded before import = 0Number of asset objects unloaded after import = 177

========================================================================
Received Import Request.
  Time since last request: 0.000018 seconds.
  path: Assets/Buildings-weapons/Low Poly Modular Swords/Prefabs/BladeSingleSide.prefab
  artifactKey: Guid(787620cc18f89604fbf2fb6e67ed641b) Importer(815301076,1909f56bfc062723c751e8b465ee728b)
Start importing Assets/Buildings-weapons/Low Poly Modular Swords/Prefabs/BladeSingleSide.prefab using Guid(787620cc18f89604fbf2fb6e67ed641b) Importer(815301076,1909f56bfc062723c751e8b465ee728b) (PreviewImporter) -> (artifact id: 'bf4c64c5395919e5d4f74f2c947b1bd1') in 0.0407958 seconds
Number of updated asset objects reloaded before import = 0Number of asset objects unloaded after import = 8

========================================================================
Received Import Request.
  Time since last request: 0.000016 seconds.
  path: Assets/Buildings-weapons/Low Poly Modular Swords/Prefabs/HandleCrossguardFlatPommel.prefab
  artifactKey: Guid(f47ac7dff9495944e8e93d087ad15269) Importer(815301076,1909f56bfc062723c751e8b465ee728b)
Start importing Assets/Buildings-weapons/Low Poly Modular Swords/Prefabs/HandleCrossguardFlatPommel.prefab using Guid(f47ac7dff9495944e8e93d087ad15269) Importer(815301076,1909f56bfc062723c751e8b465ee728b) (PreviewImporter) -> (artifact id: '83698a10c6a142dc80754b2d78cc0267') in 0.0410924 seconds
Number of updated asset objects reloaded before import = 0Number of asset objects unloaded after import = 8

========================================================================
Received Import Request.
  Time since last request: 0.000019 seconds.
  path: Assets/Fantasy knight/Prefab/Separated_mesh/Legs_Separate.prefab
  artifactKey: Guid(b9672c408f4fe204a8e640a81c71ff4b) Importer(815301076,1909f56bfc062723c751e8b465ee728b)
Start importing Assets/Fantasy knight/Prefab/Separated_mesh/Legs_Separate.prefab using Guid(b9672c408f4fe204a8e640a81c71ff4b) Importer(815301076,1909f56bfc062723c751e8b465ee728b) (PreviewImporter) -> (artifact id: 'a26b37690bc58f22981087258e935f1d') in 0.0709285 seconds
Number of updated asset objects reloaded before import = 0Number of asset objects unloaded after import = 137

========================================================================
Received Import Request.
  Time since last request: 0.000017 seconds.
  path: Assets/Fantasy knight/Prefab/Skin_2.prefab
  artifactKey: Guid(d56a61b7b0540114392a813f8f54b499) Importer(815301076,1909f56bfc062723c751e8b465ee728b)
Start importing Assets/Fantasy knight/Prefab/Skin_2.prefab using Guid(d56a61b7b0540114392a813f8f54b499) Importer(815301076,1909f56bfc062723c751e8b465ee728b) (PreviewImporter) -> (artifact id: 'c5acf3db38808d1c957f78deb9c082a2') in 0.2848554 seconds
Number of updated asset objects reloaded before import = 0Number of asset objects unloaded after import = 157

========================================================================
Received Import Request.
  Time since last request: 43.503445 seconds.
  path: Assets/WorldMaterialsFree/HDRPMaterials/GrassClumps_HDRPShader.mat
  artifactKey: Guid(ff4291a22556cce47be659c8586047d5) Importer(815301076,1909f56bfc062723c751e8b465ee728b)
Start importing Assets/WorldMaterialsFree/HDRPMaterials/GrassClumps_HDRPShader.mat using Guid(ff4291a22556cce47be659c8586047d5) Importer(815301076,1909f56bfc062723c751e8b465ee728b) (PreviewImporter) -> (artifact id: 'ae4f12a0fd969ae4afd3935f913d7e4c') in 0.175292 seconds
Number of updated asset objects reloaded before import = 0Number of asset objects unloaded after import = 7

========================================================================
Received Import Request.
  Time since last request: 0.000026 seconds.
  path: Assets/WorldMaterialsFree/URPMaterials/GrassGravel_URPShader.mat
  artifactKey: Guid(39961ee0aa5ac2d41ac462b57c29b50f) Importer(815301076,1909f56bfc062723c751e8b465ee728b)
Start importing Assets/WorldMaterialsFree/URPMaterials/GrassGravel_URPShader.mat using Guid(39961ee0aa5ac2d41ac462b57c29b50f) Importer(815301076,1909f56bfc062723c751e8b465ee728b) (PreviewImporter) -> (artifact id: '853a4cfae26255b8493b047fbfc20c3f') in 0.0423903 seconds
Number of updated asset objects reloaded before import = 0Number of asset objects unloaded after import = 7

========================================================================
Received Import Request.
  Time since last request: 0.579277 seconds.
  path: Assets/Halloween Bits.undefined-zip/Jackolantern/pumpkin_yellow_jackolantern.fbx
  artifactKey: Guid(1e9cdedcc086dce42b5c2e9f1095304c) Importer(815301076,1909f56bfc062723c751e8b465ee728b)
Start importing Assets/Halloween Bits.undefined-zip/Jackolantern/pumpkin_yellow_jackolantern.fbx using Guid(1e9cdedcc086dce42b5c2e9f1095304c) Importer(815301076,1909f56bfc062723c751e8b465ee728b) (PreviewImporter) -> (artifact id: 'b9ab35af9ec401d389220951258c02fe') in 0.0824452 seconds
Number of updated asset objects reloaded before import = 0Number of asset objects unloaded after import = 8

========================================================================
Received Import Request.
  Time since last request: 0.000017 seconds.
  path: Assets/Halloween Bits.undefined-zip/Gravemarker/gravemarker_B.fbx
  artifactKey: Guid(069182f2bb5f1bf439f6a10f85ea83dd) Importer(815301076,1909f56bfc062723c751e8b465ee728b)
Start importing Assets/Halloween Bits.undefined-zip/Gravemarker/gravemarker_B.fbx using Guid(069182f2bb5f1bf439f6a10f85ea83dd) Importer(815301076,1909f56bfc062723c751e8b465ee728b) (PreviewImporter) -> (artifact id: '91e96714027c1440259c786515a83aba') in 0.0698534 seconds
Number of updated asset objects reloaded before import = 0Number of asset objects unloaded after import = 8

========================================================================
Received Import Request.
  Time since last request: 0.124350 seconds.
  path: Assets/Halloween Bits.undefined-zip/Grave/floor_dirt_grave.fbx
  artifactKey: Guid(8a39ac663d1acf444ba6c3f0a55a74a3) Importer(815301076,1909f56bfc062723c751e8b465ee728b)
Start importing Assets/Halloween Bits.undefined-zip/Grave/floor_dirt_grave.fbx using Guid(8a39ac663d1acf444ba6c3f0a55a74a3) Importer(815301076,1909f56bfc062723c751e8b465ee728b) (PreviewImporter) -> (artifact id: '765b3b0f1a653018e15e22b09054265d') in 0.0528017 seconds
Number of updated asset objects reloaded before import = 0Number of asset objects unloaded after import = 8

========================================================================
Received Import Request.
  Time since last request: 0.000021 seconds.
  path: Assets/Halloween Bits.undefined-zip/Fence/fence.fbx
  artifactKey: Guid(e6cf48b11c07d5a458321e675e0cc929) Importer(815301076,1909f56bfc062723c751e8b465ee728b)
Start importing Assets/Halloween Bits.undefined-zip/Fence/fence.fbx using Guid(e6cf48b11c07d5a458321e675e0cc929) Importer(815301076,1909f56bfc062723c751e8b465ee728b) (PreviewImporter) -> (artifact id: '2af23593139020de6db997293bccfd03') in 0.052574 seconds
Number of updated asset objects reloaded before import = 0Number of asset objects unloaded after import = 8

========================================================================
Received Import Request.
  Time since last request: 0.000017 seconds.
  path: Assets/Halloween Bits.undefined-zip/Pillar/pillar.fbx
  artifactKey: Guid(9c66e1305cf6b924cbb28102a02ab8f1) Importer(815301076,1909f56bfc062723c751e8b465ee728b)
Start importing Assets/Halloween Bits.undefined-zip/Pillar/pillar.fbx using Guid(9c66e1305cf6b924cbb28102a02ab8f1) Importer(815301076,1909f56bfc062723c751e8b465ee728b) (PreviewImporter) -> (artifact id: 'db1980630ef1a041c697b1b33f77e611') in 0.0384339 seconds
Number of updated asset objects reloaded before import = 0Number of asset objects unloaded after import = 8

========================================================================
Received Import Request.
  Time since last request: 0.000032 seconds.
  path: Assets/Halloween Bits.undefined-zip/Dirt Floor Tile/floor_dirt.fbx
  artifactKey: Guid(f6d1c228301c6524aaa3cad6fe1bf046) Importer(815301076,1909f56bfc062723c751e8b465ee728b)
Start importing Assets/Halloween Bits.undefined-zip/Dirt Floor Tile/floor_dirt.fbx using Guid(f6d1c228301c6524aaa3cad6fe1bf046) Importer(815301076,1909f56bfc062723c751e8b465ee728b) (PreviewImporter) -> (artifact id: '973ae943d1280bee6ef37f3784558597') in 0.0554635 seconds
Number of updated asset objects reloaded before import = 0Number of asset objects unloaded after import = 8

========================================================================
Received Import Request.
  Time since last request: 0.000023 seconds.
  path: Assets/Halloween Bits.undefined-zip/Ribcage/ribcage.fbx
  artifactKey: Guid(2b687cac395c0ce4e939faee40af5866) Importer(815301076,1909f56bfc062723c751e8b465ee728b)
Start importing Assets/Halloween Bits.undefined-zip/Ribcage/ribcage.fbx using Guid(2b687cac395c0ce4e939faee40af5866) Importer(815301076,1909f56bfc062723c751e8b465ee728b) (PreviewImporter) -> (artifact id: 'b80e5c2d74a4aea1842ebcdcc4a25919') in 0.0523918 seconds
Number of updated asset objects reloaded before import = 0Number of asset objects unloaded after import = 8

========================================================================
Received Import Request.
  Time since last request: 0.000022 seconds.
  path: Assets/Halloween Bits.undefined-zip/Path/path_C.fbx
  artifactKey: Guid(014c004b1f087e34dadf512e36a56c66) Importer(815301076,1909f56bfc062723c751e8b465ee728b)
Start importing Assets/Halloween Bits.undefined-zip/Path/path_C.fbx using Guid(014c004b1f087e34dadf512e36a56c66) Importer(815301076,1909f56bfc062723c751e8b465ee728b) (PreviewImporter) -> (artifact id: 'd5c29b52844d5fffc2e970f11a759021') in 0.0342735 seconds
Number of updated asset objects reloaded before import = 0Number of asset objects unloaded after import = 8

========================================================================
Received Import Request.
  Time since last request: 0.000014 seconds.
  path: Assets/Halloween Bits.undefined-zip/Yellow pumpkin/pumpkin_yellow_small.fbx
  artifactKey: Guid(baaceeb2c8d759e4288d42d6c915eebe) Importer(815301076,1909f56bfc062723c751e8b465ee728b)
Start importing Assets/Halloween Bits.undefined-zip/Yellow pumpkin/pumpkin_yellow_small.fbx using Guid(baaceeb2c8d759e4288d42d6c915eebe) Importer(815301076,1909f56bfc062723c751e8b465ee728b) (PreviewImporter) -> (artifact id: '120c4566d69a3ef7c1e3bd23f2d0c388') in 0.0703385 seconds
Number of updated asset objects reloaded before import = 0Number of asset objects unloaded after import = 8

========================================================================
Received Import Request.
  Time since last request: 0.000017 seconds.
  path: Assets/Halloween Bits.undefined-zip/Fence Broken/fence_broken.fbx
  artifactKey: Guid(040feb3d698ad8e4682908ca354aae90) Importer(815301076,1909f56bfc062723c751e8b465ee728b)
Start importing Assets/Halloween Bits.undefined-zip/Fence Broken/fence_broken.fbx using Guid(040feb3d698ad8e4682908ca354aae90) Importer(815301076,1909f56bfc062723c751e8b465ee728b) (PreviewImporter) -> (artifact id: '335c11e5ea52a72503d0f68cca7f0d55') in 0.0502618 seconds
Number of updated asset objects reloaded before import = 0Number of asset objects unloaded after import = 8

========================================================================
Received Import Request.
  Time since last request: 0.356733 seconds.
  path: Assets/Halloween Bits.undefined-zip/Arch/arch.fbx
  artifactKey: Guid(feded5a0204d7d946a34d0e822068336) Importer(815301076,1909f56bfc062723c751e8b465ee728b)
Start importing Assets/Halloween Bits.undefined-zip/Arch/arch.fbx using Guid(feded5a0204d7d946a34d0e822068336) Importer(815301076,1909f56bfc062723c751e8b465ee728b) (PreviewImporter) -> (artifact id: '6bdcfb49efdecd2371609c6183e8aa53') in 0.056409 seconds
Number of updated asset objects reloaded before import = 0Number of asset objects unloaded after import = 8

========================================================================
Received Import Request.
  Time since last request: 0.000017 seconds.
  path: Assets/Halloween Bits.undefined-zip/Bench-cp2QnHh7bf/bench_decorated.fbx
  artifactKey: Guid(28e306f8e6448b149b0a0b34cc930969) Importer(815301076,1909f56bfc062723c751e8b465ee728b)
Start importing Assets/Halloween Bits.undefined-zip/Bench-cp2QnHh7bf/bench_decorated.fbx using Guid(28e306f8e6448b149b0a0b34cc930969) Importer(815301076,1909f56bfc062723c751e8b465ee728b) (PreviewImporter) -> (artifact id: '81d24e95cdafaf2d86cab0e13f94864d') in 0.0776127 seconds
Number of updated asset objects reloaded before import = 0Number of asset objects unloaded after import = 8

========================================================================
Received Import Request.
  Time since last request: 0.000026 seconds.
  path: Assets/Halloween Bits.undefined-zip/Bench/bench.fbx
  artifactKey: Guid(10d5822478bb09344b937b7f1b0b82d0) Importer(815301076,1909f56bfc062723c751e8b465ee728b)
Start importing Assets/Halloween Bits.undefined-zip/Bench/bench.fbx using Guid(10d5822478bb09344b937b7f1b0b82d0) Importer(815301076,1909f56bfc062723c751e8b465ee728b) (PreviewImporter) -> (artifact id: '90a3110cf402a11fc555661fbfa7212a') in 0.056975 seconds
Number of updated asset objects reloaded before import = 0Number of asset objects unloaded after import = 8

========================================================================
Received Import Request.
  Time since last request: 0.000020 seconds.
  path: Assets/Halloween Bits.undefined-zip/Arch Gate/arch_gate.fbx
  artifactKey: Guid(c8884c0433efcf64da6bc996788723d4) Importer(815301076,1909f56bfc062723c751e8b465ee728b)
Start importing Assets/Halloween Bits.undefined-zip/Arch Gate/arch_gate.fbx using Guid(c8884c0433efcf64da6bc996788723d4) Importer(815301076,1909f56bfc062723c751e8b465ee728b) (PreviewImporter) -> (artifact id: '3ddf65151305bb29578b09b0e8bf1554') in 0.1035276 seconds
Number of updated asset objects reloaded before import = 0Number of asset objects unloaded after import = 18

========================================================================
Received Import Request.
  Time since last request: 0.127998 seconds.
  path: Assets/Halloween Bits.undefined-zip/Candles/candle_triple.fbx
  artifactKey: Guid(477532fd41385a549845a6ad095911a9) Importer(815301076,1909f56bfc062723c751e8b465ee728b)
Start importing Assets/Halloween Bits.undefined-zip/Candles/candle_triple.fbx using Guid(477532fd41385a549845a6ad095911a9) Importer(815301076,1909f56bfc062723c751e8b465ee728b) (PreviewImporter) -> (artifact id: 'd3ce3e168da375067e70671d396e6f1a') in 0.0694617 seconds
Number of updated asset objects reloaded before import = 0Number of asset objects unloaded after import = 8

========================================================================
Received Import Request.
  Time since last request: 0.000015 seconds.
  path: Assets/Halloween Bits.undefined-zip/Bone/bone_B.fbx
  artifactKey: Guid(c9033703f87ded145a88b669ff5c8088) Importer(815301076,1909f56bfc062723c751e8b465ee728b)
Start importing Assets/Halloween Bits.undefined-zip/Bone/bone_B.fbx using Guid(c9033703f87ded145a88b669ff5c8088) Importer(815301076,1909f56bfc062723c751e8b465ee728b) (PreviewImporter) -> (artifact id: '8016ad005561531e7b95fc93d87cb4f8') in 0.1247968 seconds
Number of updated asset objects reloaded before import = 0Number of asset objects unloaded after import = 8

========================================================================
Received Import Request.
  Time since last request: 0.034819 seconds.
  path: Assets/Fantasy knight/Base mesh/Materials/Mat_Armor.mat
  artifactKey: Guid(aff387979f8013144a1deecccc303521) Importer(815301076,1909f56bfc062723c751e8b465ee728b)
Start importing Assets/Fantasy knight/Base mesh/Materials/Mat_Armor.mat using Guid(aff387979f8013144a1deecccc303521) Importer(815301076,1909f56bfc062723c751e8b465ee728b) (PreviewImporter) -> (artifact id: '545d1592cd807e9164d88e4d10be3057') in 0.0358316 seconds
Number of updated asset objects reloaded before import = 0Number of asset objects unloaded after import = 1

========================================================================
Received Import Request.
  Time since last request: 0.000020 seconds.
  path: Assets/Buildings-weapons/Crystal-kfdC7vKiD6/crystal_3.fbx
  artifactKey: Guid(a9ea6205ccfdb154384059ce7c0460a1) Importer(815301076,1909f56bfc062723c751e8b465ee728b)
Start importing Assets/Buildings-weapons/Crystal-kfdC7vKiD6/crystal_3.fbx using Guid(a9ea6205ccfdb154384059ce7c0460a1) Importer(815301076,1909f56bfc062723c751e8b465ee728b) (PreviewImporter) -> (artifact id: '5dd741124b0fd847aac2eaab3d0b74cc') in 0.0436121 seconds
Number of updated asset objects reloaded before import = 0Number of asset objects unloaded after import = 8

========================================================================
Received Import Request.
  Time since last request: 0.000015 seconds.
  path: Assets/Buildings-weapons/Crystal-Ftu5CcnxFZ/crystal_7.fbx
  artifactKey: Guid(608d2a5a944f8bc4eb978949ab211875) Importer(815301076,1909f56bfc062723c751e8b465ee728b)
Start importing Assets/Buildings-weapons/Crystal-Ftu5CcnxFZ/crystal_7.fbx using Guid(608d2a5a944f8bc4eb978949ab211875) Importer(815301076,1909f56bfc062723c751e8b465ee728b) (PreviewImporter) -> (artifact id: '23119b69ce758718c09dc69221f970cc') in 0.0368782 seconds
Number of updated asset objects reloaded before import = 0Number of asset objects unloaded after import = 8

========================================================================
Received Import Request.
  Time since last request: 0.000014 seconds.
  path: Assets/Buildings-weapons/Crystal-KvI5ZmiQHY/crystal_17.fbx
  artifactKey: Guid(3821823944885684bb475715581826d7) Importer(815301076,1909f56bfc062723c751e8b465ee728b)
Start importing Assets/Buildings-weapons/Crystal-KvI5ZmiQHY/crystal_17.fbx using Guid(3821823944885684bb475715581826d7) Importer(815301076,1909f56bfc062723c751e8b465ee728b) (PreviewImporter) -> (artifact id: 'fea78d2f1e2215666b67be7a62f917fa') in 0.0470201 seconds
Number of updated asset objects reloaded before import = 0Number of asset objects unloaded after import = 8

========================================================================
Received Import Request.
  Time since last request: 0.000015 seconds.
  path: Assets/Buildings-weapons/Crystal-9MyZG1W4lZ/crystal_14.fbx
  artifactKey: Guid(fb4173b1b9e1b8449802e47b62d9ddb7) Importer(815301076,1909f56bfc062723c751e8b465ee728b)
Start importing Assets/Buildings-weapons/Crystal-9MyZG1W4lZ/crystal_14.fbx using Guid(fb4173b1b9e1b8449802e47b62d9ddb7) Importer(815301076,1909f56bfc062723c751e8b465ee728b) (PreviewImporter) -> (artifact id: '12949262e41d694d45596b6f0091c297') in 0.0464473 seconds
Number of updated asset objects reloaded before import = 0Number of asset objects unloaded after import = 8

========================================================================
Received Import Request.
  Time since last request: 0.000023 seconds.
  path: Assets/Buildings-weapons/Crystal/crystal_5.fbx
  artifactKey: Guid(be4dfb74cf8c8294fab5ea9dcff3f590) Importer(815301076,1909f56bfc062723c751e8b465ee728b)
Start importing Assets/Buildings-weapons/Crystal/crystal_5.fbx using Guid(be4dfb74cf8c8294fab5ea9dcff3f590) Importer(815301076,1909f56bfc062723c751e8b465ee728b) (PreviewImporter) -> (artifact id: '8ab832c5bcb1a19911e6705174bb6c40') in 0.045481 seconds
Number of updated asset objects reloaded before import = 0Number of asset objects unloaded after import = 8

========================================================================
Received Import Request.
  Time since last request: 0.000068 seconds.
  path: Assets/Buildings-weapons/Crystal/crystal_27.fbx
  artifactKey: Guid(65e54ee5395fd144bb17d79b9df19b3b) Importer(815301076,1909f56bfc062723c751e8b465ee728b)
Start importing Assets/Buildings-weapons/Crystal/crystal_27.fbx using Guid(65e54ee5395fd144bb17d79b9df19b3b) Importer(815301076,1909f56bfc062723c751e8b465ee728b) (PreviewImporter) -> (artifact id: '3d3a5229d671799f4414d3a747026d69') in 0.0534241 seconds
Number of updated asset objects reloaded before import = 0Number of asset objects unloaded after import = 8

========================================================================
Received Import Request.
  Time since last request: 0.000012 seconds.
  path: Assets/Buildings-weapons/Crystal-BpirJ95GzN/crystal_12.fbx
  artifactKey: Guid(74a755d5ef7615a47bc9c9ff8f0d5f5f) Importer(815301076,1909f56bfc062723c751e8b465ee728b)
Start importing Assets/Buildings-weapons/Crystal-BpirJ95GzN/crystal_12.fbx using Guid(74a755d5ef7615a47bc9c9ff8f0d5f5f) Importer(815301076,1909f56bfc062723c751e8b465ee728b) (PreviewImporter) -> (artifact id: 'd0d2722d26d502fefbea7fe748a86a8d') in 0.0488978 seconds
Number of updated asset objects reloaded before import = 0Number of asset objects unloaded after import = 8

========================================================================
Received Import Request.
  Time since last request: 7.507494 seconds.
  path: Assets/Buildings-weapons/Crystal/crystal_10.fbx
  artifactKey: Guid(0659c541442bc0a4b9c2acc3ee701b6d) Importer(815301076,1909f56bfc062723c751e8b465ee728b)
Start importing Assets/Buildings-weapons/Crystal/crystal_10.fbx using Guid(0659c541442bc0a4b9c2acc3ee701b6d) Importer(815301076,1909f56bfc062723c751e8b465ee728b) (PreviewImporter) -> (artifact id: '86bb4f1b05080f0dc4c16fc0be69c9b6') in 0.0429719 seconds
Number of updated asset objects reloaded before import = 0Number of asset objects unloaded after import = 8

========================================================================
Received Import Request.
  Time since last request: 0.000017 seconds.
  path: Assets/Buildings-weapons/Crystal/crystal_18.fbx
  artifactKey: Guid(ea09d246d970a7e4199ada20f5814fe7) Importer(815301076,1909f56bfc062723c751e8b465ee728b)
Start importing Assets/Buildings-weapons/Crystal/crystal_18.fbx using Guid(ea09d246d970a7e4199ada20f5814fe7) Importer(815301076,1909f56bfc062723c751e8b465ee728b) (PreviewImporter) -> (artifact id: 'a48dfa384bfd8b38aef94a20e45f4d5e') in 0.0448824 seconds
Number of updated asset objects reloaded before import = 0Number of asset objects unloaded after import = 8

========================================================================
Received Import Request.
  Time since last request: 0.000016 seconds.
  path: Assets/Buildings-weapons/Crystal-nyCeR6poJX/crystal_1.fbx
  artifactKey: Guid(d7413f23942f82e4696196d00ce2e9f1) Importer(815301076,1909f56bfc062723c751e8b465ee728b)
Start importing Assets/Buildings-weapons/Crystal-nyCeR6poJX/crystal_1.fbx using Guid(d7413f23942f82e4696196d00ce2e9f1) Importer(815301076,1909f56bfc062723c751e8b465ee728b) (PreviewImporter) -> (artifact id: '68fdb03dcc4e4a06c13316622d12770b') in 0.0411469 seconds
Number of updated asset objects reloaded before import = 0Number of asset objects unloaded after import = 8

========================================================================
Received Import Request.
  Time since last request: 0.141310 seconds.
  path: Assets/WorldMaterialsFree/HDRPMaterials/PlainWhiteFabric_HDRPShader.mat
  artifactKey: Guid(7635169c9966205499da267fe152e425) Importer(815301076,1909f56bfc062723c751e8b465ee728b)
Start importing Assets/WorldMaterialsFree/HDRPMaterials/PlainWhiteFabric_HDRPShader.mat using Guid(7635169c9966205499da267fe152e425) Importer(815301076,1909f56bfc062723c751e8b465ee728b) (PreviewImporter) -> (artifact id: 'd9343422e1bbd071aa5939bd8cb3589c') in 0.1661179 seconds
Number of updated asset objects reloaded before import = 0Number of asset objects unloaded after import = 7

========================================================================
Received Import Request.
  Time since last request: 1.191579 seconds.
  path: Assets/WorldMaterialsFree/HDRPMaterials/SimpleRedBricks_HDRPShader.mat
  artifactKey: Guid(c6d8285a1bf03fd43a1debc9db76ec7d) Importer(815301076,1909f56bfc062723c751e8b465ee728b)
Start importing Assets/WorldMaterialsFree/HDRPMaterials/SimpleRedBricks_HDRPShader.mat using Guid(c6d8285a1bf03fd43a1debc9db76ec7d) Importer(815301076,1909f56bfc062723c751e8b465ee728b) (PreviewImporter) -> (artifact id: '958c2a520203bf95f1be946ef2717062') in 0.1494229 seconds
Number of updated asset objects reloaded before import = 0Number of asset objects unloaded after import = 7

========================================================================
Received Import Request.
  Time since last request: 0.065446 seconds.
  path: Assets/Fantasy knight/Texture/Armor/Materials/T_Armor_Base_color_3.mat
  artifactKey: Guid(1dac5e25a2cdb5642b8733dab81ed171) Importer(815301076,1909f56bfc062723c751e8b465ee728b)
Start importing Assets/Fantasy knight/Texture/Armor/Materials/T_Armor_Base_color_3.mat using Guid(1dac5e25a2cdb5642b8733dab81ed171) Importer(815301076,1909f56bfc062723c751e8b465ee728b) (PreviewImporter) -> (artifact id: 'bca6183c44c6a9438990e05ac1ab6584') in 0.022528 seconds
Number of updated asset objects reloaded before import = 0Number of asset objects unloaded after import = 2

Editor requested this worker to shutdown with reason: Scaling down because of idle timeout
AssetImportWorker is now disconnected from the server
Process exiting
Exiting without the bug reporter. Application will terminate with return code 0