Using pre-set license
Built from '6000.0/release' branch; Version is '6000.0.25f1 (4859ab7b5a49) revision 4741547'; Using compiler version '193933523'; Build Type 'Release'
OS: 'Windows 11  (10.0.22631) 64bit Professional' Language: 'en' Physical Memory: 16297 MB
BatchMode: 1, IsHumanControllingUs: 0, StartBugReporterOnCrash: 0, Is64bit: 1, IsPro: 1

COMMAND LINE ARGUMENTS:
C:\Program Files\Unity\Hub\Editor\6000.0.25f1\Editor\Unity.exe
-adb2
-batchMode
-noUpm
-name
AssetImportWorker0
-projectPath
D:/DLMMTC
-logFile
Logs/AssetImportWorker0.log
-srvPort
56865
-job-worker-count
5
-background-job-worker-count
8
-asset-garbage-collectors
1
Successfully changed project path to: D:/DLMMTC
D:/DLMMTC
[UnityMemory] Configuration Parameters - Can be set up in boot.config
    "memorysetup-bucket-allocator-granularity=16"
    "memorysetup-bucket-allocator-bucket-count=8"
    "memorysetup-bucket-allocator-block-size=33554432"
    "memorysetup-bucket-allocator-block-count=8"
    "memorysetup-main-allocator-block-size=16777216"
    "memorysetup-thread-allocator-block-size=16777216"
    "memorysetup-gfx-main-allocator-block-size=16777216"
    "memorysetup-gfx-thread-allocator-block-size=16777216"
    "memorysetup-cache-allocator-block-size=4194304"
    "memorysetup-typetree-allocator-block-size=2097152"
    "memorysetup-profiler-bucket-allocator-granularity=16"
    "memorysetup-profiler-bucket-allocator-bucket-count=8"
    "memorysetup-profiler-bucket-allocator-block-size=33554432"
    "memorysetup-profiler-bucket-allocator-block-count=8"
    "memorysetup-profiler-allocator-block-size=16777216"
    "memorysetup-profiler-editor-allocator-block-size=1048576"
    "memorysetup-temp-allocator-size-main=16777216"
    "memorysetup-job-temp-allocator-block-size=2097152"
    "memorysetup-job-temp-allocator-block-size-background=1048576"
    "memorysetup-job-temp-allocator-reduction-small-platforms=262144"
    "memorysetup-allocator-temp-initial-block-size-main=262144"
    "memorysetup-allocator-temp-initial-block-size-worker=262144"
    "memorysetup-temp-allocator-size-background-worker=32768"
    "memorysetup-temp-allocator-size-job-worker=262144"
    "memorysetup-temp-allocator-size-preload-manager=33554432"
    "memorysetup-temp-allocator-size-nav-mesh-worker=65536"
    "memorysetup-temp-allocator-size-audio-worker=65536"
    "memorysetup-temp-allocator-size-cloud-worker=32768"
    "memorysetup-temp-allocator-size-gi-baking-worker=262144"
    "memorysetup-temp-allocator-size-gi-baking-worker=262144"
    "memorysetup-temp-allocator-size-gi-baking-worker=262144"
    "memorysetup-temp-allocator-size-gi-baking-worker=262144"
    "memorysetup-temp-allocator-size-gi-baking-worker=262144"
    "memorysetup-temp-allocator-size-gfx=262144"
Player connection [11616]  Target information:

Player connection [11616]  * "[IP] 10.121.135.204 [Port] 0 [Flags] 2 [Guid] 464576765 [EditorId] 464576765 [Version] 1048832 [Id] WindowsEditor(7,OHHS-ESPORT-1) [Debug] 1 [PackageName] WindowsEditor [ProjectName] Editor" 

Player connection [11616] Host joined multi-casting on [225.0.0.222:54997]...
Player connection [11616] Host joined alternative multi-casting on [225.0.0.222:34997]...
JobSystem: Creating JobQueue using job-worker-count value 5
[Physics::Module] Initialized fallback backend.
[Physics::Module] Id: 0xdecafbad
Library Redirect Path: Library/
[Physics::Module] Selected backend.
[Physics::Module] Name: PhysX
[Physics::Module] Id: 0xf2b8ea05
[Physics::Module] SDK Version: 4.1.2
[Physics::Module] Integration Version: 1.0.0
[Physics::Module] Threading Mode: Multi-Threaded
Refreshing native plugins compatible for Editor in 0.00 ms, found 0 plugins.
Preloading 0 native plugins for Editor in 0.00 ms.
Initialize engine version: 6000.0.25f1 (4859ab7b5a49)
[Subsystems] Discovering subsystems at path C:/Program Files/Unity/Hub/Editor/6000.0.25f1/Editor/Data/Resources/UnitySubsystems
[Subsystems] Discovering subsystems at path D:/DLMMTC/Assets
GfxDevice: creating device client; kGfxThreadingModeNonThreaded
Direct3D:
    Version:  Direct3D 11.0 [level 11.1]
    Renderer: NVIDIA GeForce RTX 2060 (ID=0x1e89)
    Vendor:   NVIDIA
    VRAM:     5945 MB
    Driver:   32.0.15.6094
Initialize mono
Mono path[0] = 'C:/Program Files/Unity/Hub/Editor/6000.0.25f1/Editor/Data/Managed'
Mono path[1] = 'C:/Program Files/Unity/Hub/Editor/6000.0.25f1/Editor/Data/MonoBleedingEdge/lib/mono/unityjit-win32'
Mono config path = 'C:/Program Files/Unity/Hub/Editor/6000.0.25f1/Editor/Data/MonoBleedingEdge/etc'
Using monoOptions --debugger-agent=transport=dt_socket,embedding=1,server=y,suspend=n,address=127.0.0.1:56012
Begin MonoManager ReloadAssembly
Registering precompiled unity dll's ...
Register platform support module: C:/Program Files/Unity/Hub/Editor/6000.0.25f1/Editor/Data/PlaybackEngines/WebGLSupport/UnityEditor.WebGL.Extensions.dll
Register platform support module: C:/Program Files/Unity/Hub/Editor/6000.0.25f1/Editor/Data/PlaybackEngines/WindowsStandaloneSupport/UnityEditor.WindowsStandalone.Extensions.dll
Registered in 0.445393 seconds.
- Loaded All Assemblies, in  9.350 seconds
Native extension for WindowsStandalone target not found
Native extension for WebGL target not found
Mono: successfully reloaded assembly
- Finished resetting the current domain, in  0.462 seconds
Domain Reload Profiling: 9809ms
	BeginReloadAssembly (7134ms)
		ExecutionOrderSort (0ms)
		DisableScriptedObjects (0ms)
		BackupInstance (0ms)
		ReleaseScriptingObjects (0ms)
		CreateAndSetChildDomain (1ms)
	RebuildCommonClasses (541ms)
	RebuildNativeTypeToScriptingClass (19ms)
	initialDomainReloadingComplete (500ms)
	LoadAllAssembliesAndSetupDomain (1153ms)
		LoadAssemblies (7131ms)
		RebuildTransferFunctionScriptingTraits (0ms)
		AnalyzeDomain (1149ms)
			TypeCache.Refresh (1148ms)
				TypeCache.ScanAssembly (895ms)
			BuildScriptInfoCaches (0ms)
			ResolveRequiredComponents (0ms)
	FinalizeReload (463ms)
		ReleaseScriptCaches (0ms)
		RebuildScriptCaches (0ms)
		SetupLoadedEditorAssemblies (428ms)
			LogAssemblyErrors (0ms)
			InitializePlatformSupportModulesInManaged (23ms)
			SetLoadedEditorAssemblies (4ms)
			BeforeProcessingInitializeOnLoad (7ms)
			ProcessInitializeOnLoadAttributes (293ms)
			ProcessInitializeOnLoadMethodAttributes (98ms)
			AfterProcessingInitializeOnLoad (3ms)
			EditorAssembliesLoaded (0ms)
		ExecutionOrderSort2 (0ms)
		AwakeInstancesAfterBackupRestoration (0ms)
========================================================================
Worker process is ready to serve import requests
Import Worker Mode flag is 0x00
Begin MonoManager ReloadAssembly
- Loaded All Assemblies, in  1.362 seconds
Refreshing native plugins compatible for Editor in 0.00 ms, found 0 plugins.
Native extension for WindowsStandalone target not found
Native extension for WebGL target not found
Mono: successfully reloaded assembly
- Finished resetting the current domain, in  0.617 seconds
Domain Reload Profiling: 1976ms
	BeginReloadAssembly (1046ms)
		ExecutionOrderSort (0ms)
		DisableScriptedObjects (6ms)
		BackupInstance (0ms)
		ReleaseScriptingObjects (0ms)
		CreateAndSetChildDomain (30ms)
	RebuildCommonClasses (44ms)
	RebuildNativeTypeToScriptingClass (13ms)
	initialDomainReloadingComplete (20ms)
	LoadAllAssembliesAndSetupDomain (236ms)
		LoadAssemblies (336ms)
		RebuildTransferFunctionScriptingTraits (0ms)
		AnalyzeDomain (9ms)
			TypeCache.Refresh (6ms)
				TypeCache.ScanAssembly (2ms)
			BuildScriptInfoCaches (1ms)
			ResolveRequiredComponents (0ms)
	FinalizeReload (617ms)
		ReleaseScriptCaches (0ms)
		RebuildScriptCaches (0ms)
		SetupLoadedEditorAssemblies (367ms)
			LogAssemblyErrors (0ms)
			InitializePlatformSupportModulesInManaged (4ms)
			SetLoadedEditorAssemblies (4ms)
			BeforeProcessingInitializeOnLoad (23ms)
			ProcessInitializeOnLoadAttributes (216ms)
			ProcessInitializeOnLoadMethodAttributes (46ms)
			AfterProcessingInitializeOnLoad (74ms)
			EditorAssembliesLoaded (0ms)
		ExecutionOrderSort2 (0ms)
		AwakeInstancesAfterBackupRestoration (7ms)
Launched and connected shader compiler UnityShaderCompiler.exe after 0.04 seconds
Refreshing native plugins compatible for Editor in 0.00 ms, found 0 plugins.
Preloading 0 native plugins for Editor in 0.00 ms.
Unloading 13 Unused Serialized files (Serialized files now loaded: 0)
Unloading 69 unused Assets / (0.8 MB). Loaded Objects now: 673.
Memory consumption went from 88.3 MB to 87.6 MB.
Total: 4.497700 ms (FindLiveObjects: 0.066800 ms CreateObjectMapping: 0.008300 ms MarkObjects: 4.124500 ms  DeleteObjects: 0.293800 ms)

========================================================================
Received Import Request.
  Time since last request: 346373.843597 seconds.
  path: Assets/Fantasy knight/Prefab/Separated_mesh/Helmet.prefab
  artifactKey: Guid(4fcd989eb9c41214794e007e09d863c3) Importer(815301076,1909f56bfc062723c751e8b465ee728b)
Start importing Assets/Fantasy knight/Prefab/Separated_mesh/Helmet.prefab using Guid(4fcd989eb9c41214794e007e09d863c3) Importer(815301076,1909f56bfc062723c751e8b465ee728b) (PreviewImporter) -> (artifact id: '28d2092e20d968d53aa26c42cd3c8f8b') in 0.6579167 seconds
Number of updated asset objects reloaded before import = 0Number of asset objects unloaded after import = 137

========================================================================
Received Import Request.
  Time since last request: 0.000019 seconds.
  path: Assets/Fantasy knight/Prefab/Shield.prefab
  artifactKey: Guid(6abeed541f2193941b3b38435de85b3d) Importer(815301076,1909f56bfc062723c751e8b465ee728b)
Start importing Assets/Fantasy knight/Prefab/Shield.prefab using Guid(6abeed541f2193941b3b38435de85b3d) Importer(815301076,1909f56bfc062723c751e8b465ee728b) (PreviewImporter) -> (artifact id: 'b2116e83328157f53b252daa1ab846fb') in 0.1872883 seconds
Number of updated asset objects reloaded before import = 0Number of asset objects unloaded after import = 12

========================================================================
Received Import Request.
  Time since last request: 0.000029 seconds.
  path: Assets/Fantasy knight/Prefab/Separated_mesh/Bags.prefab
  artifactKey: Guid(9eb1ef6db1100cc4aabeb01a22292a27) Importer(815301076,1909f56bfc062723c751e8b465ee728b)
Start importing Assets/Fantasy knight/Prefab/Separated_mesh/Bags.prefab using Guid(9eb1ef6db1100cc4aabeb01a22292a27) Importer(815301076,1909f56bfc062723c751e8b465ee728b) (PreviewImporter) -> (artifact id: '36a67b79329f6ed8c9642d85edb040a8') in 0.1871826 seconds
Number of updated asset objects reloaded before import = 0Number of asset objects unloaded after import = 141

========================================================================
Received Import Request.
  Time since last request: 0.000017 seconds.
  path: Assets/Buildings-weapons/Low Poly Modular Swords/Prefabs/HandleLongQuillion.prefab
  artifactKey: Guid(2f321d0b1421e1b4da15244076c9bf3c) Importer(815301076,1909f56bfc062723c751e8b465ee728b)
Start importing Assets/Buildings-weapons/Low Poly Modular Swords/Prefabs/HandleLongQuillion.prefab using Guid(2f321d0b1421e1b4da15244076c9bf3c) Importer(815301076,1909f56bfc062723c751e8b465ee728b) (PreviewImporter) -> (artifact id: 'e55488862a9552e6d295dbef53eff6c1') in 0.1575821 seconds
Number of updated asset objects reloaded before import = 0Number of asset objects unloaded after import = 8

========================================================================
Received Import Request.
  Time since last request: 0.000016 seconds.
  path: Assets/Farmer/Farmer.fbx
  artifactKey: Guid(010e8e5a58bca6c4896efea42207c628) Importer(815301076,1909f56bfc062723c751e8b465ee728b)
Start importing Assets/Farmer/Farmer.fbx using Guid(010e8e5a58bca6c4896efea42207c628) Importer(815301076,1909f56bfc062723c751e8b465ee728b) (PreviewImporter) -> (artifact id: '66527363e16cd92d95d1bfeaf9428ef1') in 0.1560441 seconds
Number of updated asset objects reloaded before import = 0Number of asset objects unloaded after import = 212

========================================================================
Received Import Request.
  Time since last request: 0.000029 seconds.
  path: Assets/WorldMaterialsFree/HDRPMaterials/DryRockyDirt_HDRPShader.mat
  artifactKey: Guid(37ed853e73f6a964abf46d9c5284cf2b) Importer(815301076,1909f56bfc062723c751e8b465ee728b)
Start importing Assets/WorldMaterialsFree/HDRPMaterials/DryRockyDirt_HDRPShader.mat using Guid(37ed853e73f6a964abf46d9c5284cf2b) Importer(815301076,1909f56bfc062723c751e8b465ee728b) (PreviewImporter) -> (artifact id: '9314dd3f9a31da387e1918d119357943') in 0.2168184 seconds
Number of updated asset objects reloaded before import = 0Number of asset objects unloaded after import = 7

========================================================================
Received Import Request.
  Time since last request: 0.000027 seconds.
  path: Assets/Buildings-weapons/Low Poly Modular Swords/Prefabs/BladeScimitar.prefab
  artifactKey: Guid(ec7c3e40c72254a40b348c6b5813108b) Importer(815301076,1909f56bfc062723c751e8b465ee728b)
Start importing Assets/Buildings-weapons/Low Poly Modular Swords/Prefabs/BladeScimitar.prefab using Guid(ec7c3e40c72254a40b348c6b5813108b) Importer(815301076,1909f56bfc062723c751e8b465ee728b) (PreviewImporter) -> (artifact id: '3a63d83966e9937866af13a998098937') in 0.0380971 seconds
Number of updated asset objects reloaded before import = 0Number of asset objects unloaded after import = 8

========================================================================
Received Import Request.
  Time since last request: 0.000029 seconds.
  path: Assets/Adventurer/Adventurer.fbx
  artifactKey: Guid(decb7627e3ef8b74b81426c83c89948d) Importer(815301076,1909f56bfc062723c751e8b465ee728b)
Start importing Assets/Adventurer/Adventurer.fbx using Guid(decb7627e3ef8b74b81426c83c89948d) Importer(815301076,1909f56bfc062723c751e8b465ee728b) (PreviewImporter) -> (artifact id: 'b8593b69bee076f4a88080eeb0a57ed4') in 0.2831481 seconds
Number of updated asset objects reloaded before import = 0Number of asset objects unloaded after import = 219

========================================================================
Received Import Request.
  Time since last request: 0.000028 seconds.
  path: Assets/WorldMaterialsFree/URPMaterials/ClumpMud_URPShader.mat
  artifactKey: Guid(d5a56745181950043825e2680343568c) Importer(815301076,1909f56bfc062723c751e8b465ee728b)
Start importing Assets/WorldMaterialsFree/URPMaterials/ClumpMud_URPShader.mat using Guid(d5a56745181950043825e2680343568c) Importer(815301076,1909f56bfc062723c751e8b465ee728b) (PreviewImporter) -> (artifact id: '250d6dde5150acff566221ad21fd24dc') in 0.187044 seconds
Number of updated asset objects reloaded before import = 0Number of asset objects unloaded after import = 7

========================================================================
Received Import Request.
  Time since last request: 0.000043 seconds.
  path: Assets/Buildings-weapons/Low Poly Modular Swords/Prefabs/BladeBroadFullerPoint.prefab
  artifactKey: Guid(2d5a2dd5cc003154d8c85acfd18ad774) Importer(815301076,1909f56bfc062723c751e8b465ee728b)
Start importing Assets/Buildings-weapons/Low Poly Modular Swords/Prefabs/BladeBroadFullerPoint.prefab using Guid(2d5a2dd5cc003154d8c85acfd18ad774) Importer(815301076,1909f56bfc062723c751e8b465ee728b) (PreviewImporter) -> (artifact id: '14dc88880131dbd75fddf7c152aba769') in 0.0546153 seconds
Number of updated asset objects reloaded before import = 0Number of asset objects unloaded after import = 8

========================================================================
Received Import Request.
  Time since last request: 0.000019 seconds.
  path: Assets/Blink/Art/Characters/LowPoly/FREE_HumanLowPoly/Meshes_Humans/ArmorMeshes_Humans/StarterArmor_HumanMale.fbx
  artifactKey: Guid(ecec9226167ad6a449f4f1b112b740b3) Importer(815301076,1909f56bfc062723c751e8b465ee728b)
Start importing Assets/Blink/Art/Characters/LowPoly/FREE_HumanLowPoly/Meshes_Humans/ArmorMeshes_Humans/StarterArmor_HumanMale.fbx using Guid(ecec9226167ad6a449f4f1b112b740b3) Importer(815301076,1909f56bfc062723c751e8b465ee728b) (PreviewImporter) -> (artifact id: 'dc6b8a0f1ceb929ba11615ea7fd05e04') in 0.1281717 seconds
Number of updated asset objects reloaded before import = 0Number of asset objects unloaded after import = 188

========================================================================
Received Import Request.
  Time since last request: 0.000020 seconds.
  path: Assets/Buildings-weapons/Low Poly Modular Swords/Prefabs/HandleSimple.prefab
  artifactKey: Guid(0fdab70162f0ab7409ab04ae062de837) Importer(815301076,1909f56bfc062723c751e8b465ee728b)
Start importing Assets/Buildings-weapons/Low Poly Modular Swords/Prefabs/HandleSimple.prefab using Guid(0fdab70162f0ab7409ab04ae062de837) Importer(815301076,1909f56bfc062723c751e8b465ee728b) (PreviewImporter) -> (artifact id: '3ed7c351b315aa4339ea3d2a59361129') in 0.1035908 seconds
Number of updated asset objects reloaded before import = 0Number of asset objects unloaded after import = 8

========================================================================
Received Import Request.
  Time since last request: 0.000023 seconds.
  path: Assets/Fantasy knight/Prefab/Separated_mesh/Gloves.prefab
  artifactKey: Guid(2984bc1f341b086499053add0df55913) Importer(815301076,1909f56bfc062723c751e8b465ee728b)
Start importing Assets/Fantasy knight/Prefab/Separated_mesh/Gloves.prefab using Guid(2984bc1f341b086499053add0df55913) Importer(815301076,1909f56bfc062723c751e8b465ee728b) (PreviewImporter) -> (artifact id: 'ac99ebcbf51f79345e863be22989a5b4') in 0.0515198 seconds
Number of updated asset objects reloaded before import = 0Number of asset objects unloaded after import = 137

========================================================================
Received Import Request.
  Time since last request: 0.000025 seconds.
  path: Assets/Fantasy knight/Prefab/Separated_mesh/shorts.prefab
  artifactKey: Guid(b4236c863efbd3c41924e8935b10f36e) Importer(815301076,1909f56bfc062723c751e8b465ee728b)
Start importing Assets/Fantasy knight/Prefab/Separated_mesh/shorts.prefab using Guid(b4236c863efbd3c41924e8935b10f36e) Importer(815301076,1909f56bfc062723c751e8b465ee728b) (PreviewImporter) -> (artifact id: '1c87f6a8ea8ff36ef2e61ee7f12c48f3') in 0.2738486 seconds
Number of updated asset objects reloaded before import = 0Number of asset objects unloaded after import = 137

========================================================================
Received Import Request.
  Time since last request: 0.000025 seconds.
  path: Assets/Fantasy knight/Prefab/Skin_1.prefab
  artifactKey: Guid(6aed7d5a7a495f94d8d55a61815701c6) Importer(815301076,1909f56bfc062723c751e8b465ee728b)
Start importing Assets/Fantasy knight/Prefab/Skin_1.prefab using Guid(6aed7d5a7a495f94d8d55a61815701c6) Importer(815301076,1909f56bfc062723c751e8b465ee728b) (PreviewImporter) -> (artifact id: '7f02e6fe49942d188a5474266f8573e5') in 0.0731164 seconds
Number of updated asset objects reloaded before import = 0Number of asset objects unloaded after import = 180

========================================================================
Received Import Request.
  Time since last request: 0.000031 seconds.
  path: Assets/Blink/Art/Characters/LowPoly/FREE_HumanLowPoly/Prefabs_Humans/HumanMale_Character_FREE.prefab
  artifactKey: Guid(60770bdb4dc667c45bea53db0339dc05) Importer(815301076,1909f56bfc062723c751e8b465ee728b)
Start importing Assets/Blink/Art/Characters/LowPoly/FREE_HumanLowPoly/Prefabs_Humans/HumanMale_Character_FREE.prefab using Guid(60770bdb4dc667c45bea53db0339dc05) Importer(815301076,1909f56bfc062723c751e8b465ee728b) (PreviewImporter) -> (artifact id: '619b7e875a4f23856cbe00c3cb6d1f18') in 0.1279338 seconds
Number of updated asset objects reloaded before import = 0Number of asset objects unloaded after import = 294

========================================================================
Received Import Request.
  Time since last request: 43.506880 seconds.
  path: Assets/Casual Character/Casual_2.fbx
  artifactKey: Guid(fe6e48573464ff94c91e0fafd2e10e5b) Importer(815301076,1909f56bfc062723c751e8b465ee728b)
Start importing Assets/Casual Character/Casual_2.fbx using Guid(fe6e48573464ff94c91e0fafd2e10e5b) Importer(815301076,1909f56bfc062723c751e8b465ee728b) (PreviewImporter) -> (artifact id: '092f4bad24d4ca182ea1fdb23a76a7aa') in 0.1257712 seconds
Number of updated asset objects reloaded before import = 0Number of asset objects unloaded after import = 213

========================================================================
Received Import Request.
  Time since last request: 0.000023 seconds.
  path: Assets/WorldMaterialsFree/HDRPMaterials/GrassGravel_HDRPShader.mat
  artifactKey: Guid(84cf81d4bbab074448a94c478391503d) Importer(815301076,1909f56bfc062723c751e8b465ee728b)
Start importing Assets/WorldMaterialsFree/HDRPMaterials/GrassGravel_HDRPShader.mat using Guid(84cf81d4bbab074448a94c478391503d) Importer(815301076,1909f56bfc062723c751e8b465ee728b) (PreviewImporter) -> (artifact id: '228def6cec8de59ff8cc01dfbf367aa1') in 0.1300257 seconds
Number of updated asset objects reloaded before import = 0Number of asset objects unloaded after import = 7

========================================================================
Received Import Request.
  Time since last request: 0.588248 seconds.
  path: Assets/Halloween Bits.undefined-zip/Lantern/lantern_standing.fbx
  artifactKey: Guid(cf171bb3a2e160944b130010ecc5b8d3) Importer(815301076,1909f56bfc062723c751e8b465ee728b)
Start importing Assets/Halloween Bits.undefined-zip/Lantern/lantern_standing.fbx using Guid(cf171bb3a2e160944b130010ecc5b8d3) Importer(815301076,1909f56bfc062723c751e8b465ee728b) (PreviewImporter) -> (artifact id: 'b95457e9c59e59df81227c5807e82a86') in 0.0797665 seconds
Number of updated asset objects reloaded before import = 0Number of asset objects unloaded after import = 8

========================================================================
Received Import Request.
  Time since last request: 0.000027 seconds.
  path: Assets/Halloween Bits.undefined-zip/Gravestone/gravestone.fbx
  artifactKey: Guid(3084e780edb4ce44ab90bec84b291732) Importer(815301076,1909f56bfc062723c751e8b465ee728b)
Start importing Assets/Halloween Bits.undefined-zip/Gravestone/gravestone.fbx using Guid(3084e780edb4ce44ab90bec84b291732) Importer(815301076,1909f56bfc062723c751e8b465ee728b) (PreviewImporter) -> (artifact id: 'e81c7a643aa488b8251603aeb6dd9d6b') in 0.0796714 seconds
Number of updated asset objects reloaded before import = 0Number of asset objects unloaded after import = 8

========================================================================
Received Import Request.
  Time since last request: 0.115760 seconds.
  path: Assets/Halloween Bits.undefined-zip/Grave/grave_A.fbx
  artifactKey: Guid(d19ecc2dcb6a84d41afef2b09598ba8e) Importer(815301076,1909f56bfc062723c751e8b465ee728b)
Start importing Assets/Halloween Bits.undefined-zip/Grave/grave_A.fbx using Guid(d19ecc2dcb6a84d41afef2b09598ba8e) Importer(815301076,1909f56bfc062723c751e8b465ee728b) (PreviewImporter) -> (artifact id: 'e1dad69c0fd303591c1c13193956d5cb') in 0.0661913 seconds
Number of updated asset objects reloaded before import = 0Number of asset objects unloaded after import = 8

========================================================================
Received Import Request.
  Time since last request: 0.000018 seconds.
  path: Assets/Halloween Bits.undefined-zip/Fence Gate/fence_gate.fbx
  artifactKey: Guid(0078e18f254f35548ab311fc57e7e2d8) Importer(815301076,1909f56bfc062723c751e8b465ee728b)
Start importing Assets/Halloween Bits.undefined-zip/Fence Gate/fence_gate.fbx using Guid(0078e18f254f35548ab311fc57e7e2d8) Importer(815301076,1909f56bfc062723c751e8b465ee728b) (PreviewImporter) -> (artifact id: '30a3997765379d0d96a97b21cd9bdbee') in 0.0789858 seconds
Number of updated asset objects reloaded before import = 0Number of asset objects unloaded after import = 18

========================================================================
Received Import Request.
  Time since last request: 0.000022 seconds.
  path: Assets/Halloween Bits.undefined-zip/Post Lantern/post_lantern.fbx
  artifactKey: Guid(1bed71c8ebb90794da921e6c689039a5) Importer(815301076,1909f56bfc062723c751e8b465ee728b)
Start importing Assets/Halloween Bits.undefined-zip/Post Lantern/post_lantern.fbx using Guid(1bed71c8ebb90794da921e6c689039a5) Importer(815301076,1909f56bfc062723c751e8b465ee728b) (PreviewImporter) -> (artifact id: '80be00db508ebdce74dbf73fc3098a2b') in 0.0612687 seconds
Number of updated asset objects reloaded before import = 0Number of asset objects unloaded after import = 13

========================================================================
Received Import Request.
  Time since last request: 0.000034 seconds.
  path: Assets/Halloween Bits.undefined-zip/Dead tree/tree_dead_large.fbx
  artifactKey: Guid(ae80a4ba01817ee40a6048081298fd8d) Importer(815301076,1909f56bfc062723c751e8b465ee728b)
Start importing Assets/Halloween Bits.undefined-zip/Dead tree/tree_dead_large.fbx using Guid(ae80a4ba01817ee40a6048081298fd8d) Importer(815301076,1909f56bfc062723c751e8b465ee728b) (PreviewImporter) -> (artifact id: '5ea798101d97aa303810edb1e994073d') in 0.0420421 seconds
Number of updated asset objects reloaded before import = 0Number of asset objects unloaded after import = 8

========================================================================
Received Import Request.
  Time since last request: 0.000017 seconds.
  path: Assets/Halloween Bits.undefined-zip/Skull/skull.fbx
  artifactKey: Guid(e482198fab16bd34c98d4c08ea04ff5e) Importer(815301076,1909f56bfc062723c751e8b465ee728b)
Start importing Assets/Halloween Bits.undefined-zip/Skull/skull.fbx using Guid(e482198fab16bd34c98d4c08ea04ff5e) Importer(815301076,1909f56bfc062723c751e8b465ee728b) (PreviewImporter) -> (artifact id: 'cfb5b99f02fd6e0429885af480c91838') in 0.048884 seconds
Number of updated asset objects reloaded before import = 0Number of asset objects unloaded after import = 8

========================================================================
Received Import Request.
  Time since last request: 0.000026 seconds.
  path: Assets/Halloween Bits.undefined-zip/Shrine/shrine_candles.fbx
  artifactKey: Guid(d48b08127ec860541ab988ea8da02e38) Importer(815301076,1909f56bfc062723c751e8b465ee728b)
Start importing Assets/Halloween Bits.undefined-zip/Shrine/shrine_candles.fbx using Guid(d48b08127ec860541ab988ea8da02e38) Importer(815301076,1909f56bfc062723c751e8b465ee728b) (PreviewImporter) -> (artifact id: 'f2c7a7b65b779b71509ec2311b82cf02') in 0.0413056 seconds
Number of updated asset objects reloaded before import = 0Number of asset objects unloaded after import = 8

========================================================================
Received Import Request.
  Time since last request: 0.000020 seconds.
  path: Assets/Halloween Bits.undefined-zip/Post/post.fbx
  artifactKey: Guid(4c0dd5c84dba2cd42969feee11926274) Importer(815301076,1909f56bfc062723c751e8b465ee728b)
Start importing Assets/Halloween Bits.undefined-zip/Post/post.fbx using Guid(4c0dd5c84dba2cd42969feee11926274) Importer(815301076,1909f56bfc062723c751e8b465ee728b) (PreviewImporter) -> (artifact id: 'b457491c54fb10fdcded7f02f759a916') in 0.0529128 seconds
Number of updated asset objects reloaded before import = 0Number of asset objects unloaded after import = 8

========================================================================
Received Import Request.
  Time since last request: 0.370235 seconds.
  path: Assets/Halloween Bits.undefined-zip/Damaged Grave/grave_A_destroyed.fbx
  artifactKey: Guid(fcb64d62f9d35a948aa532cd49d313c7) Importer(815301076,1909f56bfc062723c751e8b465ee728b)
Start importing Assets/Halloween Bits.undefined-zip/Damaged Grave/grave_A_destroyed.fbx using Guid(fcb64d62f9d35a948aa532cd49d313c7) Importer(815301076,1909f56bfc062723c751e8b465ee728b) (PreviewImporter) -> (artifact id: 'f4fdbde8299d7e99c930055c10221670') in 0.0771659 seconds
Number of updated asset objects reloaded before import = 0Number of asset objects unloaded after import = 8

========================================================================
Received Import Request.
  Time since last request: 0.000027 seconds.
  path: Assets/Halloween Bits.undefined-zip/Autumn pine/tree_pine_yellow_small.fbx
  artifactKey: Guid(aa27900a24120d34a80477944038f271) Importer(815301076,1909f56bfc062723c751e8b465ee728b)
Start importing Assets/Halloween Bits.undefined-zip/Autumn pine/tree_pine_yellow_small.fbx using Guid(aa27900a24120d34a80477944038f271) Importer(815301076,1909f56bfc062723c751e8b465ee728b) (PreviewImporter) -> (artifact id: '85003d45ecb0e41dce62eab766980679') in 0.0655667 seconds
Number of updated asset objects reloaded before import = 0Number of asset objects unloaded after import = 8

========================================================================
Received Import Request.
  Time since last request: 0.000031 seconds.
  path: Assets/Halloween Bits.undefined-zip/Bone/bone_C.fbx
  artifactKey: Guid(b35a21250d225ed49a2abb136dc47ea9) Importer(815301076,1909f56bfc062723c751e8b465ee728b)
Start importing Assets/Halloween Bits.undefined-zip/Bone/bone_C.fbx using Guid(b35a21250d225ed49a2abb136dc47ea9) Importer(815301076,1909f56bfc062723c751e8b465ee728b) (PreviewImporter) -> (artifact id: '28caf4190ebca4acaff3c3176cc91aee') in 0.0572676 seconds
Number of updated asset objects reloaded before import = 0Number of asset objects unloaded after import = 8

========================================================================
Received Import Request.
  Time since last request: 0.000017 seconds.
  path: Assets/Halloween Bits.undefined-zip/Bone/bone_A.fbx
  artifactKey: Guid(e33272a4c4a6e5a4cbdc5d9178d998de) Importer(815301076,1909f56bfc062723c751e8b465ee728b)
Start importing Assets/Halloween Bits.undefined-zip/Bone/bone_A.fbx using Guid(e33272a4c4a6e5a4cbdc5d9178d998de) Importer(815301076,1909f56bfc062723c751e8b465ee728b) (PreviewImporter) -> (artifact id: 'ee08800d3636560bc70b33ab1b94fd4c') in 0.0822308 seconds
Number of updated asset objects reloaded before import = 0Number of asset objects unloaded after import = 8

========================================================================
Received Import Request.
  Time since last request: 0.138311 seconds.
  path: Assets/Halloween Bits.undefined-zip/Candle Melted/candle_melted.fbx
  artifactKey: Guid(78e96d7931567fb4abd7bb3728e51255) Importer(815301076,1909f56bfc062723c751e8b465ee728b)
Start importing Assets/Halloween Bits.undefined-zip/Candle Melted/candle_melted.fbx using Guid(78e96d7931567fb4abd7bb3728e51255) Importer(815301076,1909f56bfc062723c751e8b465ee728b) (PreviewImporter) -> (artifact id: '269fbc00ea194a0cfd47a759544aa270') in 0.0662065 seconds
Number of updated asset objects reloaded before import = 0Number of asset objects unloaded after import = 8

========================================================================
Received Import Request.
  Time since last request: 0.000019 seconds.
  path: Assets/WorldMaterialsFree/HDRPMaterials/HexBricks_HDRPShader.mat
  artifactKey: Guid(d42b07e2f4723cb478482ae2c25091a2) Importer(815301076,1909f56bfc062723c751e8b465ee728b)
Start importing Assets/WorldMaterialsFree/HDRPMaterials/HexBricks_HDRPShader.mat using Guid(d42b07e2f4723cb478482ae2c25091a2) Importer(815301076,1909f56bfc062723c751e8b465ee728b) (PreviewImporter) -> (artifact id: 'fbf7430a7752e2044df1df5b9ebae5bd') in 0.152091 seconds
Number of updated asset objects reloaded before import = 0Number of asset objects unloaded after import = 7

========================================================================
Received Import Request.
  Time since last request: 0.000029 seconds.
  path: Assets/Blink/Art/Characters/LowPoly/FREE_HumanLowPoly/Textures_Humans/Materials/LowPolyArmorTexture.mat
  artifactKey: Guid(9c97b370ba779974db9306218c0e3d1e) Importer(815301076,1909f56bfc062723c751e8b465ee728b)
Start importing Assets/Blink/Art/Characters/LowPoly/FREE_HumanLowPoly/Textures_Humans/Materials/LowPolyArmorTexture.mat using Guid(9c97b370ba779974db9306218c0e3d1e) Importer(815301076,1909f56bfc062723c751e8b465ee728b) (PreviewImporter) -> (artifact id: '6cc03c55577808f73a3e958c169009e3') in 0.0517049 seconds
Number of updated asset objects reloaded before import = 0Number of asset objects unloaded after import = 2

========================================================================
Received Import Request.
  Time since last request: 0.000035 seconds.
  path: Assets/Fantasy knight/Materials/Mat_Mace.mat
  artifactKey: Guid(38c542998ffeb0145bfae4772d5940ef) Importer(815301076,1909f56bfc062723c751e8b465ee728b)
Start importing Assets/Fantasy knight/Materials/Mat_Mace.mat using Guid(38c542998ffeb0145bfae4772d5940ef) Importer(815301076,1909f56bfc062723c751e8b465ee728b) (PreviewImporter) -> (artifact id: 'c23d5377629d0dba602c3e7aca3fbba3') in 0.0631606 seconds
Number of updated asset objects reloaded before import = 0Number of asset objects unloaded after import = 5

========================================================================
Received Import Request.
  Time since last request: 0.000016 seconds.
  path: Assets/Buildings-weapons/Crystal/crystal_4.fbx
  artifactKey: Guid(ac9f10eaca620da44ab4714a47458266) Importer(815301076,1909f56bfc062723c751e8b465ee728b)
Start importing Assets/Buildings-weapons/Crystal/crystal_4.fbx using Guid(ac9f10eaca620da44ab4714a47458266) Importer(815301076,1909f56bfc062723c751e8b465ee728b) (PreviewImporter) -> (artifact id: '96dc949006e34b4aaaefd6b79d492ef2') in 0.041974 seconds
Number of updated asset objects reloaded before import = 0Number of asset objects unloaded after import = 8

========================================================================
Received Import Request.
  Time since last request: 0.000020 seconds.
  path: Assets/Buildings-weapons/Crystal/crystal_28.fbx
  artifactKey: Guid(b0e5f4794a6d90747bd529f0e5ecfc34) Importer(815301076,1909f56bfc062723c751e8b465ee728b)
Start importing Assets/Buildings-weapons/Crystal/crystal_28.fbx using Guid(b0e5f4794a6d90747bd529f0e5ecfc34) Importer(815301076,1909f56bfc062723c751e8b465ee728b) (PreviewImporter) -> (artifact id: 'f37a05d610250f1932250a1ff52982ae') in 0.0387208 seconds
Number of updated asset objects reloaded before import = 0Number of asset objects unloaded after import = 8

========================================================================
Received Import Request.
  Time since last request: 0.000020 seconds.
  path: Assets/Buildings-weapons/Crystal/crystal_22.fbx
  artifactKey: Guid(cfdc74f83fd177243b96c2548051bc86) Importer(815301076,1909f56bfc062723c751e8b465ee728b)
Start importing Assets/Buildings-weapons/Crystal/crystal_22.fbx using Guid(cfdc74f83fd177243b96c2548051bc86) Importer(815301076,1909f56bfc062723c751e8b465ee728b) (PreviewImporter) -> (artifact id: '0d8c2e7e78ce9e4e75620712335bec4a') in 0.0512666 seconds
Number of updated asset objects reloaded before import = 0Number of asset objects unloaded after import = 8

========================================================================
Received Import Request.
  Time since last request: 0.000026 seconds.
  path: Assets/Buildings-weapons/Crystal/crystal_25.fbx
  artifactKey: Guid(ab1a8d9fadd207940b630c3585e05ef4) Importer(815301076,1909f56bfc062723c751e8b465ee728b)
Start importing Assets/Buildings-weapons/Crystal/crystal_25.fbx using Guid(ab1a8d9fadd207940b630c3585e05ef4) Importer(815301076,1909f56bfc062723c751e8b465ee728b) (PreviewImporter) -> (artifact id: '8b8536d22e1cbbc8587fe65b686e7a48') in 0.0509892 seconds
Number of updated asset objects reloaded before import = 0Number of asset objects unloaded after import = 8

========================================================================
Received Import Request.
  Time since last request: 0.000020 seconds.
  path: Assets/Buildings-weapons/Crystal/crystal_26.fbx
  artifactKey: Guid(bf79c569b942868438cfae3f2cb722e9) Importer(815301076,1909f56bfc062723c751e8b465ee728b)
Start importing Assets/Buildings-weapons/Crystal/crystal_26.fbx using Guid(bf79c569b942868438cfae3f2cb722e9) Importer(815301076,1909f56bfc062723c751e8b465ee728b) (PreviewImporter) -> (artifact id: '448c8b8583bede32854e0a96a8f3fad9') in 0.0528777 seconds
Number of updated asset objects reloaded before import = 0Number of asset objects unloaded after import = 8

========================================================================
Received Import Request.
  Time since last request: 7.503971 seconds.
  path: Assets/Buildings-weapons/Crystal/crystal_21.fbx
  artifactKey: Guid(21631b1c5aaaeef47b139c689bd56345) Importer(815301076,1909f56bfc062723c751e8b465ee728b)
Start importing Assets/Buildings-weapons/Crystal/crystal_21.fbx using Guid(21631b1c5aaaeef47b139c689bd56345) Importer(815301076,1909f56bfc062723c751e8b465ee728b) (PreviewImporter) -> (artifact id: '8ef6c76b485a489205383e1cc2133705') in 0.0512279 seconds
Number of updated asset objects reloaded before import = 0Number of asset objects unloaded after import = 8

========================================================================
Received Import Request.
  Time since last request: 0.000021 seconds.
  path: Assets/Buildings-weapons/Crystal/crystal_15.fbx
  artifactKey: Guid(8184f4af457531e48b33f1f1d01f2510) Importer(815301076,1909f56bfc062723c751e8b465ee728b)
Start importing Assets/Buildings-weapons/Crystal/crystal_15.fbx using Guid(8184f4af457531e48b33f1f1d01f2510) Importer(815301076,1909f56bfc062723c751e8b465ee728b) (PreviewImporter) -> (artifact id: 'fa254439b33037d3ead53a48334c06bb') in 0.0452565 seconds
Number of updated asset objects reloaded before import = 0Number of asset objects unloaded after import = 8

========================================================================
Received Import Request.
  Time since last request: 0.140090 seconds.
  path: Assets/WorldMaterialsFree/URPMaterials/PebbledGravel_URPShader.mat
  artifactKey: Guid(cfd22c3f14ed7cd43ae1d0bdde543ae4) Importer(815301076,1909f56bfc062723c751e8b465ee728b)
Start importing Assets/WorldMaterialsFree/URPMaterials/PebbledGravel_URPShader.mat using Guid(cfd22c3f14ed7cd43ae1d0bdde543ae4) Importer(815301076,1909f56bfc062723c751e8b465ee728b) (PreviewImporter) -> (artifact id: 'cf35508393b5c62fe5a33a552229eec6') in 0.1417013 seconds
Number of updated asset objects reloaded before import = 0Number of asset objects unloaded after import = 7

========================================================================
Received Import Request.
  Time since last request: 1.182095 seconds.
  path: Assets/WorldMaterialsFree/URPMaterials/RuinStoneBricks_URPShader.mat
  artifactKey: Guid(d7808e852e08b934aa5b9fdcae5d0ecd) Importer(815301076,1909f56bfc062723c751e8b465ee728b)
Start importing Assets/WorldMaterialsFree/URPMaterials/RuinStoneBricks_URPShader.mat using Guid(d7808e852e08b934aa5b9fdcae5d0ecd) Importer(815301076,1909f56bfc062723c751e8b465ee728b) (PreviewImporter) -> (artifact id: 'd85631460a83f42c0f42d7f110d05bb0') in 0.1633679 seconds
Number of updated asset objects reloaded before import = 0Number of asset objects unloaded after import = 7

========================================================================
Received Import Request.
  Time since last request: 0.048170 seconds.
  path: Assets/Buildings-weapons/Low Poly Modular Swords/TexturesEdited/Materials/swordsHandles_bright_metall_blackEye.mat
  artifactKey: Guid(1441322c1b22c9542b5b8234e7ab059c) Importer(815301076,1909f56bfc062723c751e8b465ee728b)
Start importing Assets/Buildings-weapons/Low Poly Modular Swords/TexturesEdited/Materials/swordsHandles_bright_metall_blackEye.mat using Guid(1441322c1b22c9542b5b8234e7ab059c) Importer(815301076,1909f56bfc062723c751e8b465ee728b) (PreviewImporter) -> (artifact id: '253a8a988e9942d3208b7ceb43a7a3fd') in 0.0511972 seconds
Number of updated asset objects reloaded before import = 0Number of asset objects unloaded after import = 2

========================================================================
Received Import Request.
  Time since last request: 0.024732 seconds.
  path: Assets/WorldMaterialsFree/URPMaterials/WavySand_URPShader.mat
  artifactKey: Guid(65680adb3acaf25498be652482606b91) Importer(815301076,1909f56bfc062723c751e8b465ee728b)
Start importing Assets/WorldMaterialsFree/URPMaterials/WavySand_URPShader.mat using Guid(65680adb3acaf25498be652482606b91) Importer(815301076,1909f56bfc062723c751e8b465ee728b) (PreviewImporter) -> (artifact id: '0c70f7456f5910b9428f79e0305d7244') in 0.1365467 seconds
Number of updated asset objects reloaded before import = 0Number of asset objects unloaded after import = 8

========================================================================
Received Import Request.
  Time since last request: 0.383499 seconds.
  path: Assets/WorldMaterialsFree/URPMaterials/WoodenFlooring_URPShader.mat
  artifactKey: Guid(74c7b8e3ed8d60740ad629198f468a2e) Importer(815301076,1909f56bfc062723c751e8b465ee728b)
Start importing Assets/WorldMaterialsFree/URPMaterials/WoodenFlooring_URPShader.mat using Guid(74c7b8e3ed8d60740ad629198f468a2e) Importer(815301076,1909f56bfc062723c751e8b465ee728b) (PreviewImporter) -> (artifact id: '41d7ab68e4b9c68f6c03cbdbb0b1f1ac') in 0.1093587 seconds
Number of updated asset objects reloaded before import = 0Number of asset objects unloaded after import = 7

